01-18-2023 @ 19:38:34 - 3.1.0 - No subscription webhooks found using API version 3. No updates needed.
01-18-2023 @ 19:38:34 - 5.1.0 upgrade complete from Subscriptions v0 while WooCommerce WC_VERSION 7.3.0 and database version 7.3.0 was active.
01-18-2023 @ 19:38:34 - Environment info:
01-18-2023 @ 19:38:34 -     WordPress Version : 6.1.1
01-18-2023 @ 19:38:34 - Active Plugins:
01-18-2023 @ 19:38:34 -     Polylang by WP SYNTEX – 3.3.1
01-18-2023 @ 19:38:34 -     Starter Templates by Brainstorm Force – 3.1.22
01-18-2023 @ 19:38:34 -     Classic Editor by WordPress Contributors – 1.6.2
01-18-2023 @ 19:38:34 -     Classic Widgets by WordPress Contributors – 0.3
01-18-2023 @ 19:38:34 -     Polylang Connect for Elementor by Creame – 2.3.4
01-18-2023 @ 19:38:34 -     Contact Form 7 by Takayuki Miyoshi – 5.7.2
01-18-2023 @ 19:38:34 -     Custom Sidebars by WebFactory Ltd – 3.36
01-18-2023 @ 19:38:34 -     Yoast Duplicate Post by Enrico Battocchi & Team Yoast – 4.5
01-18-2023 @ 19:38:34 -     Elementor by Elementor.com – 3.10.1
01-18-2023 @ 19:38:34 -     EmbedPress by WPDeveloper – 3.6.4
01-18-2023 @ 19:38:34 -     Essential Addons for Elementor by WPDeveloper – 5.5.2
01-18-2023 @ 19:38:34 -     Elementor Header & Footer Builder by Brainstorm Force, Nikhil Chavan – 1.6.13
01-18-2023 @ 19:38:34 -     Hello Dolly by Matt Mullenweg – 1.7.2
01-18-2023 @ 19:38:34 -     Premium Addons for Elementor by Leap13 – 4.9.46
01-18-2023 @ 19:38:34 -     Unlimited Elements for Elementor by Unlimited Elements – 1.5.47
01-18-2023 @ 19:38:34 -     UpdraftPlus - Backup/Restore by UpdraftPlus.Com, DavidAnderson – 1.22.24
01-18-2023 @ 19:38:34 -     WooCommerce Stripe Gateway by WooCommerce – 7.0.2
01-18-2023 @ 19:38:34 -     WooCommerce Payments by Automattic – 5.3.0
01-18-2023 @ 19:38:34 -     WooCommerce PayPal Payments by WooCommerce – 2.0.1
01-18-2023 @ 19:38:34 -     WooCommerce by Automattic – 7.3.0
